2025-04-13 15:31:44.081335+0800 vlc-3-demo[23755:38419145] [loading] dlsym cannot find symbol glBeginQueryEXT in CFBundle 0x123fdf1e0 </System/Library/Frameworks/OpenGL.framework> (framework, loaded): dlsym(0x3e6ee27a9, glBeginQueryEXT): symbol not found
2025-04-13 15:31:44.081389+0800 vlc-3-demo[23755:38419145] [loading] dlsym cannot find symbol glBindBuffersBase in CFBundle 0x123fdf1e0 </System/Library/Frameworks/OpenGL.framework> (framework, loaded): dlsym(0x3e6ee27a9, glBindBuffersBase): symbol not found
2025-04-13 15:31:44.081403+0800 vlc-3-demo[23755:38419145] [loading] dlsym cannot find symbol glBindBuffersRange in CFBundle 0x123fdf1e0 </System/Library/Frameworks/OpenGL.framework> (framework, loaded): dlsym(0x3e6ee27a9, glBindBuffersRange): symbol not found
2025-04-13 15:31:44.081435+0800 vlc-3-demo[23755:38419145] [loading] dlsym cannot find symbol glBindImageTexture in CFBundle 0x123fdf1e0 </System/Library/Frameworks/OpenGL.framework> (framework, loaded): dlsym(0x3e6ee27a9, glBindImageTexture): symbol not found
2025-04-13 15:31:44.081449+0800 vlc-3-demo[23755:38419145] [loading] dlsym cannot find symbol glBindImageTextures in CFBundle 0x123fdf1e0 </System/Library/Frameworks/OpenGL.framework> (framework, loaded): dlsym(0x3e6ee27a9, glBindImageTextures): symbol not found
2025-04-13 15:31:44.081479+0800 vlc-3-demo[23755:38419145] [loading] dlsym cannot find symbol glBindSamplers in CFBundle 0x123fdf1e0 </System/Library/Frameworks/OpenGL.framework> (framework, loaded): dlsym(0x3e6ee27a9, glBindSamplers): symbol not found
2025-04-13 15:31:44.081497+0800 vlc-3-demo[23755:38419145] [loading] dlsym cannot find symbol glBindTextureUnit in CFBundle 0x123fdf1e0 </System/Library/Frameworks/OpenGL.framework> (framework, loaded): dlsym(0x3e6ee27a9, glBindTextureUnit): symbol not found
2025-04-13 15:31:44.081508+0800 vlc-3-demo[23755:38419145] [loading] dlsym cannot find symbol glBindTextures in CFBundle 0x123fdf1e0 </System/Library/Frameworks/OpenGL.framework> (framework, loaded): dlsym(0x3e6ee27a9, glBindTextures): symbol not found
2025-04-13 15:31:44.081536+0800 vlc-3-demo[23755:38419145] [loading] dlsym cannot find symbol glBindVertexArrayOES in CFBundle 0x123fdf1e0 </System/Library/Frameworks/OpenGL.framework> (framework, loaded): dlsym(0x3e6ee27a9, glBindVertexArrayOES): symbol not found
2025-04-13 15:31:44.081548+0800 vlc-3-demo[23755:38419145] [loading] dlsym cannot find symbol glBindVertexBuffer in CFBundle 0x123fdf1e0 </System/Library/Frameworks/OpenGL.framework> (framework, loaded): dlsym(0x3e6ee27a9, glBindVertexBuffer): symbol not found
2025-04-13 15:31:44.081560+0800 vlc-3-demo[23755:38419145] [loading] dlsym cannot find symbol glBindVertexBuffers in CFBundle 0x123fdf1e0 </System/Library/Frameworks/OpenGL.framework> (framework, loaded): dlsym(0x3e6ee27a9, glBindVertexBuffers): symbol not found
2025-04-13 15:31:44.081570+0800 vlc-3-demo[23755:38419145] [loading] dlsym cannot find symbol glBlendBarrier in CFBundle 0x123fdf1e0 </System/Library/Frameworks/OpenGL.framework> (framework, loaded): dlsym(0x3e6ee27a9, glBlendBarrier): symbol not found
2025-04-13 15:31:44.081633+0800 vlc-3-demo[23755:38419145] [loading] dlsym cannot find symbol glBlitNamedFramebuffer in CFBundle 0x123fdf1e0 </System/Library/Frameworks/OpenGL.framework> (framework, loaded): dlsym(0x3e6ee27a9, glBlitNamedFramebuffer): symbol not found
2025-04-13 15:31:44.081650+0800 vlc-3-demo[23755:38419145] [loading] dlsym cannot find symbol glBufferStorage in CFBundle 0x123fdf1e0 </System/Library/Frameworks/OpenGL.framework> (framework, loaded): dlsym(0x3e6ee27a9, glBufferStorage): symbol not found
2025-04-13 15:31:44.081661+0800 vlc-3-demo[23755:38419145] [loading] dlsym cannot find symbol glBufferStorageEXT in CFBundle 0x123fdf1e0 </System/Library/Frameworks/OpenGL.framework> (framework, loaded): dlsym(0x3e6ee27a9, glBufferStorageEXT): symbol not found
2025-04-13 15:31:44.081685+0800 vlc-3-demo[23755:38419145] [loading] dlsym cannot find symbol glCheckNamedFramebufferStatus in CFBundle 0x123fdf1e0 </System/Library/Frameworks/OpenGL.framework> (framework, loaded): dlsym(0x3e6ee27a9, glCheckNamedFramebufferStatus): symbol not found
2025-04-13 15:31:44.081707+0800 vlc-3-demo[23755:38419145] [loading] dlsym cannot find symbol glClearBufferData in CFBundle 0x123fdf1e0 </System/Library/Frameworks/OpenGL.framework> (framework, loaded): dlsym(0x3e6ee27a9, glClearBufferData): symbol not found
2025-04-13 15:31:44.081718+0800 vlc-3-demo[23755:38419145] [loading] dlsym cannot find symbol glClearBufferSubData in CFBundle 0x123fdf1e0 </System/Library/Frameworks/OpenGL.framework> (framework, loaded): dlsym(0x3e6ee27a9, glClearBufferSubData): symbol not found
2025-04-13 15:31:44.081761+0800 vlc-3-demo[23755:38419145] [loading] dlsym cannot find symbol glClearNamedBufferData in CFBundle 0x123fdf1e0 </System/Library/Frameworks/OpenGL.framework> (framework, loaded): dlsym(0x3e6ee27a9, glClearNamedBufferData): symbol not found
2025-04-13 15:31:44.081773+0800 vlc-3-demo[23755:38419145] [loading] dlsym cannot find symbol glClearNamedBufferSubData in CFBundle 0x123fdf1e0 </System/Library/Frameworks/OpenGL.framework> (framework, loaded): dlsym(0x3e6ee27a9, glClearNamedBufferSubData): symbol not found
2025-04-13 15:31:44.081784+0800 vlc-3-demo[23755:38419145] [loading] dlsym cannot find symbol glClearNamedFramebufferfi in CFBundle 0x123fdf1e0 </System/Library/Frameworks/OpenGL.framework> (framework, loaded): dlsym(0x3e6ee27a9, glClearNamedFramebufferfi): symbol not found
2025-04-13 15:31:44.081794+0800 vlc-3-demo[23755:38419145] [loading] dlsym cannot find symbol glClearNamedFramebufferfv in CFBundle 0x123fdf1e0 </System/Library/Frameworks/OpenGL.framework> (framework, loaded): dlsym(0x3e6ee27a9, glClearNamedFramebufferfv): symbol not found
2025-04-13 15:31:44.081804+0800 vlc-3-demo[23755:38419145] [loading] dlsym cannot find symbol glClearNamedFramebufferiv in CFBundle 0x123fdf1e0 </System/Library/Frameworks/OpenGL.framework> (framework, loaded): dlsym(0x3e6ee27a9, glClearNamedFramebufferiv): symbol not found
2025-04-13 15:31:44.081814+0800 vlc-3-demo[23755:38419145] [loading] dlsym cannot find symbol glClearNamedFramebufferuiv in CFBundle 0x123fdf1e0 </System/Library/Frameworks/OpenGL.framework> (framework, loaded): dlsym(0x3e6ee27a9, glClearNamedFramebufferuiv): symbol not found
2025-04-13 15:31:44.081834+0800 vlc-3-demo[23755:38419145] [loading] dlsym cannot find symbol glClearTexImage in CFBundle 0x123fdf1e0 </System/Library/Frameworks/OpenGL.framework> (framework, loaded): dlsym(0x3e6ee27a9, glClearTexImage): symbol not found
2025-04-13 15:31:44.081844+0800 vlc-3-demo[23755:38419145] [loading] dlsym cannot find symbol glClearTexSubImage in CFBundle 0x123fdf1e0 </System/Library/Frameworks/OpenGL.framework> (framework, loaded): dlsym(0x3e6ee27a9, glClearTexSubImage): symbol not found
2025-04-13 15:31:44.081860+0800 vlc-3-demo[23755:38419145] [loading] dlsym cannot find symbol glClipControl in CFBundle 0x123fdf1e0 </System/Library/Frameworks/OpenGL.framework> (framework, loaded): dlsym(0x3e6ee27a9, glClipControl): symbol not found
2025-04-13 15:31:44.081917+0800 vlc-3-demo[23755:38419145] [loading] dlsym cannot find symbol glCompressedTextureSubImage1D in CFBundle 0x123fdf1e0 </System/Library/Frameworks/OpenGL.framework> (framework, loaded): dlsym(0x3e6ee27a9, glCompressedTextureSubImage1D): symbol not found
2025-04-13 15:31:44.081935+0800 vlc-3-demo[23755:38419145] [loading] dlsym cannot find symbol glCompressedTextureSubImage2D in CFBundle 0x123fdf1e0 </System/Library/Frameworks/OpenGL.framework> (framework, loaded): dlsym(0x3e6ee27a9, glCompressedTextureSubImage2D): symbol not found
2025-04-13 15:31:44.081946+0800 vlc-3-demo[23755:38419145] [loading] dlsym cannot find symbol glCompressedTextureSubImage3D in CFBundle 0x123fdf1e0 </System/Library/Frameworks/OpenGL.framework> (framework, loaded): dlsym(0x3e6ee27a9, glCompressedTextureSubImage3D): symbol not found
2025-04-13 15:31:44.081961+0800 vlc-3-demo[23755:38419145] [loading] dlsym cannot find symbol glCopyBufferSubDataNV in CFBundle 0x123fdf1e0 </System/Library/Frameworks/OpenGL.framework> (framework, loaded): dlsym(0x3e6ee27a9, glCopyBufferSubDataNV): symbol not found
2025-04-13 15:31:44.081972+0800 vlc-3-demo[23755:38419145] [loading] dlsym cannot find symbol glCopyImageSubData in CFBundle 0x123fdf1e0 </System/Library/Frameworks/OpenGL.framework> (framework, loaded): dlsym(0x3e6ee27a9, glCopyImageSubData): symbol not found
2025-04-13 15:31:44.081983+0800 vlc-3-demo[23755:38419145] [loading] dlsym cannot find symbol glCopyNamedBufferSubData in CFBundle 0x123fdf1e0 </System/Library/Frameworks/OpenGL.framework> (framework, loaded): dlsym(0x3e6ee27a9, glCopyNamedBufferSubData): symbol not found
2025-04-13 15:31:44.082018+0800 vlc-3-demo[23755:38419145] [loading] dlsym cannot find symbol glCopyTextureSubImage1D in CFBundle 0x123fdf1e0 </System/Library/Frameworks/OpenGL.framework> (framework, loaded): dlsym(0x3e6ee27a9, glCopyTextureSubImage1D): symbol not found
2025-04-13 15:31:44.082030+0800 vlc-3-demo[23755:38419145] [loading] dlsym cannot find symbol glCopyTextureSubImage2D in CFBundle 0x123fdf1e0 </System/Library/Frameworks/OpenGL.framework> (framework, loaded): dlsym(0x3e6ee27a9, glCopyTextureSubImage2D): symbol not found
2025-04-13 15:31:44.082041+0800 vlc-3-demo[23755:38419145] [loading] dlsym cannot find symbol glCopyTextureSubImage3D in CFBundle 0x123fdf1e0 </System/Library/Frameworks/OpenGL.framework> (framework, loaded): dlsym(0x3e6ee27a9, glCopyTextureSubImage3D): symbol not found
2025-04-13 15:31:44.082052+0800 vlc-3-demo[23755:38419145] [loading] dlsym cannot find symbol glCreateBuffers in CFBundle 0x123fdf1e0 </System/Library/Frameworks/OpenGL.framework> (framework, loaded): dlsym(0x3e6ee27a9, glCreateBuffers): symbol not found
2025-04-13 15:31:44.082063+0800 vlc-3-demo[23755:38419145] [loading] dlsym cannot find symbol glCreateFramebuffers in CFBundle 0x123fdf1e0 </System/Library/Frameworks/OpenGL.framework> (framework, loaded): dlsym(0x3e6ee27a9, glCreateFramebuffers): symbol not found
2025-04-13 15:31:44.082079+0800 vlc-3-demo[23755:38419145] [loading] dlsym cannot find symbol glCreateProgramPipelines in CFBundle 0x123fdf1e0 </System/Library/Frameworks/OpenGL.framework> (framework, loaded): dlsym(0x3e6ee27a9, glCreateProgramPipelines): symbol not found
2025-04-13 15:31:44.082090+0800 vlc-3-demo[23755:38419145] [loading] dlsym cannot find symbol glCreateQueries in CFBundle 0x123fdf1e0 </System/Library/Frameworks/OpenGL.framework> (framework, loaded): dlsym(0x3e6ee27a9, glCreateQueries): symbol not found
2025-04-13 15:31:44.082105+0800 vlc-3-demo[23755:38419145] [loading] dlsym cannot find symbol glCreateRenderbuffers in CFBundle 0x123fdf1e0 </System/Library/Frameworks/OpenGL.framework> (framework, loaded): dlsym(0x3e6ee27a9, glCreateRenderbuffers): symbol not found
2025-04-13 15:31:44.082120+0800 vlc-3-demo[23755:38419145] [loading] dlsym cannot find symbol glCreateSamplers in CFBundle 0x123fdf1e0 </System/Library/Frameworks/OpenGL.framework> (framework, loaded): dlsym(0x3e6ee27a9, glCreateSamplers): symbol not found
2025-04-13 15:31:44.082140+0800 vlc-3-demo[23755:38419145] [loading] dlsym cannot find symbol glCreateTextures in CFBundle 0x123fdf1e0 </System/Library/Frameworks/OpenGL.framework> (framework, loaded): dlsym(0x3e6ee27a9, glCreateTextures): symbol not found
2025-04-13 15:31:44.082150+0800 vlc-3-demo[23755:38419145] [loading] dlsym cannot find symbol glCreateTransformFeedbacks in CFBundle 0x123fdf1e0 </System/Library/Frameworks/OpenGL.framework> (framework, loaded): dlsym(0x3e6ee27a9, glCreateTransformFeedbacks): symbol not found
2025-04-13 15:31:44.082161+0800 vlc-3-demo[23755:38419145] [loading] dlsym cannot find symbol glCreateVertexArrays in CFBundle 0x123fdf1e0 </System/Library/Frameworks/OpenGL.framework> (framework, loaded): dlsym(0x3e6ee27a9, glCreateVertexArrays): symbol not found
2025-04-13 15:31:44.082177+0800 vlc-3-demo[23755:38419145] [loading] dlsym cannot find symbol glDebugMessageCallback in CFBundle 0x123fdf1e0 </System/Library/Frameworks/OpenGL.framework> (framework, loaded): dlsym(0x3e6ee27a9, glDebugMessageCallback): symbol not found
2025-04-13 15:31:44.082187+0800 vlc-3-demo[23755:38419145] [loading] dlsym cannot find symbol glDebugMessageCallbackARB in CFBundle 0x123fdf1e0 </System/Library/Frameworks/OpenGL.framework> (framework, loaded): dlsym(0x3e6ee27a9, glDebugMessageCallbackARB): symbol not found
2025-04-13 15:31:44.082198+0800 vlc-3-demo[23755:38419145] [loading] dlsym cannot find symbol glDebugMessageCallbackKHR in CFBundle 0x123fdf1e0 </System/Library/Frameworks/OpenGL.framework> (framework, loaded): dlsym(0x3e6ee27a9, glDebugMessageCallbackKHR): symbol not found
2025-04-13 15:31:44.082208+0800 vlc-3-demo[23755:38419145] [loading] dlsym cannot find symbol glDebugMessageControl in CFBundle 0x123fdf1e0 </System/Library/Frameworks/OpenGL.framework> (framework, loaded): dlsym(0x3e6ee27a9, glDebugMessageControl): symbol not found
2025-04-13 15:31:44.082219+0800 vlc-3-demo[23755:38419145] [loading] dlsym cannot find symbol glDebugMessageControlARB in CFBundle 0x123fdf1e0 </System/Library/Frameworks/OpenGL.framework> (framework, loaded): dlsym(0x3e6ee27a9, glDebugMessageControlARB): symbol not found
2025-04-13 15:31:44.082229+0800 vlc-3-demo[23755:38419145] [loading] dlsym cannot find symbol glDebugMessageControlKHR in CFBundle 0x123fdf1e0 </System/Library/Frameworks/OpenGL.framework> (framework, loaded): dlsym(0x3e6ee27a9, glDebugMessageControlKHR): symbol not found
2025-04-13 15:31:44.082240+0800 vlc-3-demo[23755:38419145] [loading] dlsym cannot find symbol glDebugMessageInsert in CFBundle 0x123fdf1e0 </System/Library/Frameworks/OpenGL.framework> (framework, loaded): dlsym(0x3e6ee27a9, glDebugMessageInsert): symbol not found
2025-04-13 15:31:44.082251+0800 vlc-3-demo[23755:38419145] [loading] dlsym cannot find symbol glDebugMessageInsertARB in CFBundle 0x123fdf1e0 </System/Library/Frameworks/OpenGL.framework> (framework, loaded): dlsym(0x3e6ee27a9, glDebugMessageInsertARB): symbol not found
2025-04-13 15:31:44.082261+0800 vlc-3-demo[23755:38419145] [loading] dlsym cannot find symbol glDebugMessageInsertKHR in CFBundle 0x123fdf1e0 </System/Library/Frameworks/OpenGL.framework> (framework, loaded): dlsym(0x3e6ee27a9, glDebugMessageInsertKHR): symbol not found
2025-04-13 15:31:44.082300+0800 vlc-3-demo[23755:38419145] [loading] dlsym cannot find symbol glDeleteQueriesEXT in CFBundle 0x123fdf1e0 </System/Library/Frameworks/OpenGL.framework> (framework, loaded): dlsym(0x3e6ee27a9, glDeleteQueriesEXT): symbol not found
2025-04-13 15:31:44.082348+0800 vlc-3-demo[23755:38419145] [loading] dlsym cannot find symbol glDeleteVertexArraysOES in CFBundle 0x123fdf1e0 </System/Library/Frameworks/OpenGL.framework> (framework, loaded): dlsym(0x3e6ee27a9, glDeleteVertexArraysOES): symbol not found
2025-04-13 15:31:44.082406+0800 vlc-3-demo[23755:38419145] [loading] dlsym cannot find symbol glDisableVertexArrayAttrib in CFBundle 0x123fdf1e0 </System/Library/Frameworks/OpenGL.framework> (framework, loaded): dlsym(0x3e6ee27a9, glDisableVertexArrayAttrib): symbol not found
2025-04-13 15:31:44.082427+0800 vlc-3-demo[23755:38419145] [loading] dlsym cannot find symbol glDispatchCompute in CFBundle 0x123fdf1e0 </System/Library/Frameworks/OpenGL.framework> (framework, loaded): dlsym(0x3e6ee27a9, glDispatchCompute): symbol not found
2025-04-13 15:31:44.082442+0800 vlc-3-demo[23755:38419145] [loading] dlsym cannot find symbol glDispatchComputeIndirect in CFBundle 0x123fdf1e0 </System/Library/Frameworks/OpenGL.framework> (framework, loaded): dlsym(0x3e6ee27a9, glDispatchComputeIndirect): symbol not found
2025-04-13 15:31:44.082472+0800 vlc-3-demo[23755:38419145] [loading] dlsym cannot find symbol glDrawArraysInstancedBaseInstance in CFBundle 0x123fdf1e0 </System/Library/Frameworks/OpenGL.framework> (framework, loaded): dlsym(0x3e6ee27a9, glDrawArraysInstancedBaseInstance): symbol not found
2025-04-13 15:31:44.082523+0800 vlc-3-demo[23755:38419145] [loading] dlsym cannot find symbol glDrawElementsInstancedBaseInstance in CFBundle 0x123fdf1e0 </System/Library/Frameworks/OpenGL.framework> (framework, loaded): dlsym(0x3e6ee27a9, glDrawElementsInstancedBaseInstance): symbol not found
2025-04-13 15:31:44.082540+0800 vlc-3-demo[23755:38419145] [loading] dlsym cannot find symbol glDrawElementsInstancedBaseVertexBaseInstance in CFBundle 0x123fdf1e0 </System/Library/Frameworks/OpenGL.framework> (framework, loaded): dlsym(0x3e6ee27a9, glDrawElementsInstancedBaseVertexBaseInstance): symbol not found
2025-04-13 15:31:44.082565+0800 vlc-3-demo[23755:38419145] [loading] dlsym cannot find symbol glDrawTransformFeedbackInstanced in CFBundle 0x123fdf1e0 </System/Library/Frameworks/OpenGL.framework> (framework, loaded): dlsym(0x3e6ee27a9, glDrawTransformFeedbackInstanced): symbol not found
2025-04-13 15:31:44.082587+0800 vlc-3-demo[23755:38419145] [loading] dlsym cannot find symbol glDrawTransformFeedbackStreamInstanced in CFBundle 0x123fdf1e0 </System/Library/Frameworks/OpenGL.framework> (framework, loaded): dlsym(0x3e6ee27a9, glDrawTransformFeedbackStreamInstanced): symbol not found
2025-04-13 15:31:44.082609+0800 vlc-3-demo[23755:38419145] [loading] dlsym cannot find symbol glEnableVertexArrayAttrib in CFBundle 0x123fdf1e0 </System/Library/Frameworks/OpenGL.framework> (framework, loaded): dlsym(0x3e6ee27a9, glEnableVertexArrayAttrib): symbol not found
2025-04-13 15:31:44.082638+0800 vlc-3-demo[23755:38419145] [loading] dlsym cannot find symbol glEndQueryEXT in CFBundle 0x123fdf1e0 </System/Library/Frameworks/OpenGL.framework> (framework, loaded): dlsym(0x3e6ee27a9, glEndQueryEXT): symbol not found
2025-04-13 15:31:44.082677+0800 vlc-3-demo[23755:38419145] [loading] dlsym cannot find symbol glFlushMappedNamedBufferRange in CFBundle 0x123fdf1e0 </System/Library/Frameworks/OpenGL.framework> (framework, loaded): dlsym(0x3e6ee27a9, glFlushMappedNamedBufferRange): symbol not found
2025-04-13 15:31:44.082691+0800 vlc-3-demo[23755:38419145] [loading] dlsym cannot find symbol glFramebufferParameteri in CFBundle 0x123fdf1e0 </System/Library/Frameworks/OpenGL.framework> (framework, loaded): dlsym(0x3e6ee27a9, glFramebufferParameteri): symbol not found
2025-04-13 15:31:44.082751+0800 vlc-3-demo[23755:38419145] [loading] dlsym cannot find symbol glGenQueriesEXT in CFBundle 0x123fdf1e0 </System/Library/Frameworks/OpenGL.framework> (framework, loaded): dlsym(0x3e6ee27a9, glGenQueriesEXT): symbol not found
2025-04-13 15:31:44.082792+0800 vlc-3-demo[23755:38419145] [loading] dlsym cannot find symbol glGenVertexArraysOES in CFBundle 0x123fdf1e0 </System/Library/Frameworks/OpenGL.framework> (framework, loaded): dlsym(0x3e6ee27a9, glGenVertexArraysOES): symbol not found
2025-04-13 15:31:44.082809+0800 vlc-3-demo[23755:38419145] [loading] dlsym cannot find symbol glGenerateTextureMipmap in CFBundle 0x123fdf1e0 </System/Library/Frameworks/OpenGL.framework> (framework, loaded): dlsym(0x3e6ee27a9, glGenerateTextureMipmap): symbol not found
2025-04-13 15:31:44.082819+0800 vlc-3-demo[23755:38419145] [loading] dlsym cannot find symbol glGetActiveAtomicCounterBufferiv in CFBundle 0x123fdf1e0 </System/Library/Frameworks/OpenGL.framework> (framework, loaded): dlsym(0x3e6ee27a9, glGetActiveAtomicCounterBufferiv): symbol not found
2025-04-13 15:31:44.082920+0800 vlc-3-demo[23755:38419145] [loading] dlsym cannot find symbol glGetCompressedTextureImage in CFBundle 0x123fdf1e0 </System/Library/Frameworks/OpenGL.framework> (framework, loaded): dlsym(0x3e6ee27a9, glGetCompressedTextureImage): symbol not found
2025-04-13 15:31:44.082933+0800 vlc-3-demo[23755:38419145] [loading] dlsym cannot find symbol glGetCompressedTextureSubImage in CFBundle 0x123fdf1e0 </System/Library/Frameworks/OpenGL.framework> (framework, loaded): dlsym(0x3e6ee27a9, glGetCompressedTextureSubImage): symbol not found
2025-04-13 15:31:44.082947+0800 vlc-3-demo[23755:38419145] [loading] dlsym cannot find symbol glGetDebugMessageLog in CFBundle 0x123fdf1e0 </System/Library/Frameworks/OpenGL.framework> (framework, loaded): dlsym(0x3e6ee27a9, glGetDebugMessageLog): symbol not found
2025-04-13 15:31:44.082958+0800 vlc-3-demo[23755:38419145] [loading] dlsym cannot find symbol glGetDebugMessageLogARB in CFBundle 0x123fdf1e0 </System/Library/Frameworks/OpenGL.framework> (framework, loaded): dlsym(0x3e6ee27a9, glGetDebugMessageLogARB): symbol not found
2025-04-13 15:31:44.082969+0800 vlc-3-demo[23755:38419145] [loading] dlsym cannot find symbol glGetDebugMessageLogKHR in CFBundle 0x123fdf1e0 </System/Library/Frameworks/OpenGL.framework> (framework, loaded): dlsym(0x3e6ee27a9, glGetDebugMessageLogKHR): symbol not found
2025-04-13 15:31:44.083017+0800 vlc-3-demo[23755:38419145] [loading] dlsym cannot find symbol glGetFramebufferParameteriv in CFBundle 0x123fdf1e0 </System/Library/Frameworks/OpenGL.framework> (framework, loaded): dlsym(0x3e6ee27a9, glGetFramebufferParameteriv): symbol not found
2025-04-13 15:31:44.083029+0800 vlc-3-demo[23755:38419145] [loading] dlsym cannot find symbol glGetGraphicsResetStatus in CFBundle 0x123fdf1e0 </System/Library/Frameworks/OpenGL.framework> (framework, loaded): dlsym(0x3e6ee27a9, glGetGraphicsResetStatus): symbol not found
2025-04-13 15:31:44.083048+0800 vlc-3-demo[23755:38419145] [loading] dlsym cannot find symbol glGetInteger64vEXT in CFBundle 0x123fdf1e0 </System/Library/Frameworks/OpenGL.framework> (framework, loaded): dlsym(0x3e6ee27a9, glGetInteger64vEXT): symbol not found
2025-04-13 15:31:44.083080+0800 vlc-3-demo[23755:38419145] [loading] dlsym cannot find symbol glGetInternalformati64v in CFBundle 0x123fdf1e0 </System/Library/Frameworks/OpenGL.framework> (framework, loaded): dlsym(0x3e6ee27a9, glGetInternalformati64v): symbol not found
2025-04-13 15:31:44.083101+0800 vlc-3-demo[23755:38419145] [loading] dlsym cannot find symbol glGetNamedBufferParameteri64v in CFBundle 0x123fdf1e0 </System/Library/Frameworks/OpenGL.framework> (framework, loaded): dlsym(0x3e6ee27a9, glGetNamedBufferParameteri64v): symbol not found
2025-04-13 15:31:44.083112+0800 vlc-3-demo[23755:38419145] [loading] dlsym cannot find symbol glGetNamedBufferParameteriv in CFBundle 0x123fdf1e0 </System/Library/Frameworks/OpenGL.framework> (framework, loaded): dlsym(0x3e6ee27a9, glGetNamedBufferParameteriv): symbol not found
2025-04-13 15:31:44.083122+0800 vlc-3-demo[23755:38419145] [loading] dlsym cannot find symbol glGetNamedBufferPointerv in CFBundle 0x123fdf1e0 </System/Library/Frameworks/OpenGL.framework> (framework, loaded): dlsym(0x3e6ee27a9, glGetNamedBufferPointerv): symbol not found
2025-04-13 15:31:44.083132+0800 vlc-3-demo[23755:38419145] [loading] dlsym cannot find symbol glGetNamedBufferSubData in CFBundle 0x123fdf1e0 </System/Library/Frameworks/OpenGL.framework> (framework, loaded): dlsym(0x3e6ee27a9, glGetNamedBufferSubData): symbol not found
2025-04-13 15:31:44.083142+0800 vlc-3-demo[23755:38419145] [loading] dlsym cannot find symbol glGetNamedFramebufferAttachmentParameteriv in CFBundle 0x123fdf1e0 </System/Library/Frameworks/OpenGL.framework> (framework, loaded): dlsym(0x3e6ee27a9, glGetNamedFramebufferAttachmentParameteriv): symbol not found
2025-04-13 15:31:44.083153+0800 vlc-3-demo[23755:38419145] [loading] dlsym cannot find symbol glGetNamedFramebufferParameteriv in CFBundle 0x123fdf1e0 </System/Library/Frameworks/OpenGL.framework> (framework, loaded): dlsym(0x3e6ee27a9, glGetNamedFramebufferParameteriv): symbol not found
2025-04-13 15:31:44.083164+0800 vlc-3-demo[23755:38419145] [loading] dlsym cannot find symbol glGetNamedRenderbufferParameteriv in CFBundle 0x123fdf1e0 </System/Library/Frameworks/OpenGL.framework> (framework, loaded): dlsym(0x3e6ee27a9, glGetNamedRenderbufferParameteriv): symbol not found
2025-04-13 15:31:44.083175+0800 vlc-3-demo[23755:38419145] [loading] dlsym cannot find symbol glGetObjectLabel in CFBundle 0x123fdf1e0 </System/Library/Frameworks/OpenGL.framework> (framework, loaded): dlsym(0x3e6ee27a9, glGetObjectLabel): symbol not found
2025-04-13 15:31:44.083185+0800 vlc-3-demo[23755:38419145] [loading] dlsym cannot find symbol glGetObjectLabelKHR in CFBundle 0x123fdf1e0 </System/Library/Frameworks/OpenGL.framework> (framework, loaded): dlsym(0x3e6ee27a9, glGetObjectLabelKHR): symbol not found
2025-04-13 15:31:44.083195+0800 vlc-3-demo[23755:38419145] [loading] dlsym cannot find symbol glGetObjectPtrLabel in CFBundle 0x123fdf1e0 </System/Library/Frameworks/OpenGL.framework> (framework, loaded): dlsym(0x3e6ee27a9, glGetObjectPtrLabel): symbol not found
2025-04-13 15:31:44.083205+0800 vlc-3-demo[23755:38419145] [loading] dlsym cannot find symbol glGetObjectPtrLabelKHR in CFBundle 0x123fdf1e0 </System/Library/Frameworks/OpenGL.framework> (framework, loaded): dlsym(0x3e6ee27a9, glGetObjectPtrLabelKHR): symbol not found
2025-04-13 15:31:44.083224+0800 vlc-3-demo[23755:38419145] [loading] dlsym cannot find symbol glGetPointervKHR in CFBundle 0x123fdf1e0 </System/Library/Frameworks/OpenGL.framework> (framework, loaded): dlsym(0x3e6ee27a9, glGetPointervKHR): symbol not found
2025-04-13 15:31:44.083243+0800 vlc-3-demo[23755:38419145] [loading] dlsym cannot find symbol glGetProgramInterfaceiv in CFBundle 0x123fdf1e0 </System/Library/Frameworks/OpenGL.framework> (framework, loaded): dlsym(0x3e6ee27a9, glGetProgramInterfaceiv): symbol not found
2025-04-13 15:31:44.083268+0800 vlc-3-demo[23755:38419145] [loading] dlsym cannot find symbol glGetProgramResourceIndex in CFBundle 0x123fdf1e0 </System/Library/Frameworks/OpenGL.framework> (framework, loaded): dlsym(0x3e6ee27a9, glGetProgramResourceIndex): symbol not found
2025-04-13 15:31:44.083279+0800 vlc-3-demo[23755:38419145] [loading] dlsym cannot find symbol glGetProgramResourceLocation in CFBundle 0x123fdf1e0 </System/Library/Frameworks/OpenGL.framework> (framework, loaded): dlsym(0x3e6ee27a9, glGetProgramResourceLocation): symbol not found
2025-04-13 15:31:44.083289+0800 vlc-3-demo[23755:38419145] [loading] dlsym cannot find symbol glGetProgramResourceLocationIndex in CFBundle 0x123fdf1e0 </System/Library/Frameworks/OpenGL.framework> (framework, loaded): dlsym(0x3e6ee27a9, glGetProgramResourceLocationIndex): symbol not found
2025-04-13 15:31:44.083301+0800 vlc-3-demo[23755:38419145] [loading] dlsym cannot find symbol glGetProgramResourceName in CFBundle 0x123fdf1e0 </System/Library/Frameworks/OpenGL.framework> (framework, loaded): dlsym(0x3e6ee27a9, glGetProgramResourceName): symbol not found
2025-04-13 15:31:44.083311+0800 vlc-3-demo[23755:38419145] [loading] dlsym cannot find symbol glGetProgramResourceiv in CFBundle 0x123fdf1e0 </System/Library/Frameworks/OpenGL.framework> (framework, loaded): dlsym(0x3e6ee27a9, glGetProgramResourceiv): symbol not found
2025-04-13 15:31:44.083331+0800 vlc-3-demo[23755:38419145] [loading] dlsym cannot find symbol glGetQueryBufferObjecti64v in CFBundle 0x123fdf1e0 </System/Library/Frameworks/OpenGL.framework> (framework, loaded): dlsym(0x3e6ee27a9, glGetQueryBufferObjecti64v): symbol not found
2025-04-13 15:31:44.083341+0800 vlc-3-demo[23755:38419145] [loading] dlsym cannot find symbol glGetQueryBufferObjectiv in CFBundle 0x123fdf1e0 </System/Library/Frameworks/OpenGL.framework> (framework, loaded): dlsym(0x3e6ee27a9, glGetQueryBufferObjectiv): symbol not found
2025-04-13 15:31:44.083351+0800 vlc-3-demo[23755:38419145] [loading] dlsym cannot find symbol glGetQueryBufferObjectui64v in CFBundle 0x123fdf1e0 </System/Library/Frameworks/OpenGL.framework> (framework, loaded): dlsym(0x3e6ee27a9, glGetQueryBufferObjectui64v): symbol not found
2025-04-13 15:31:44.083361+0800 vlc-3-demo[23755:38419145] [loading] dlsym cannot find symbol glGetQueryBufferObjectuiv in CFBundle 0x123fdf1e0 </System/Library/Frameworks/OpenGL.framework> (framework, loaded): dlsym(0x3e6ee27a9, glGetQueryBufferObjectuiv): symbol not found
2025-04-13 15:31:44.083390+0800 vlc-3-demo[23755:38419145] [loading] dlsym cannot find symbol glGetQueryObjectivEXT in CFBundle 0x123fdf1e0 </System/Library/Frameworks/OpenGL.framework> (framework, loaded): dlsym(0x3e6ee27a9, glGetQueryObjectivEXT): symbol not found
2025-04-13 15:31:44.083419+0800 vlc-3-demo[23755:38419145] [loading] dlsym cannot find symbol glGetQueryObjectuivEXT in CFBundle 0x123fdf1e0 </System/Library/Frameworks/OpenGL.framework> (framework, loaded): dlsym(0x3e6ee27a9, glGetQueryObjectuivEXT): symbol not found
2025-04-13 15:31:44.083436+0800 vlc-3-demo[23755:38419145] [loading] dlsym cannot find symbol glGetQueryivEXT in CFBundle 0x123fdf1e0 </System/Library/Frameworks/OpenGL.framework> (framework, loaded): dlsym(0x3e6ee27a9, glGetQueryivEXT): symbol not found
2025-04-13 15:31:44.083548+0800 vlc-3-demo[23755:38419145] [loading] dlsym cannot find symbol glGetTextureImage in CFBundle 0x123fdf1e0 </System/Library/Frameworks/OpenGL.framework> (framework, loaded): dlsym(0x3e6ee27a9, glGetTextureImage): symbol not found
2025-04-13 15:31:44.083560+0800 vlc-3-demo[23755:38419145] [loading] dlsym cannot find symbol glGetTextureLevelParameterfv in CFBundle 0x123fdf1e0 </System/Library/Frameworks/OpenGL.framework> (framework, loaded): dlsym(0x3e6ee27a9, glGetTextureLevelParameterfv): symbol not found
2025-04-13 15:31:44.083570+0800 vlc-3-demo[23755:38419145] [loading] dlsym cannot find symbol glGetTextureLevelParameteriv in CFBundle 0x123fdf1e0 </System/Library/Frameworks/OpenGL.framework> (framework, loaded): dlsym(0x3e6ee27a9, glGetTextureLevelParameteriv): symbol not found
2025-04-13 15:31:44.083585+0800 vlc-3-demo[23755:38419145] [loading] dlsym cannot find symbol glGetTextureParameterIiv in CFBundle 0x123fdf1e0 </System/Library/Frameworks/OpenGL.framework> (framework, loaded): dlsym(0x3e6ee27a9, glGetTextureParameterIiv): symbol not found
2025-04-13 15:31:44.083595+0800 vlc-3-demo[23755:38419145] [loading] dlsym cannot find symbol glGetTextureParameterIuiv in CFBundle 0x123fdf1e0 </System/Library/Frameworks/OpenGL.framework> (framework, loaded): dlsym(0x3e6ee27a9, glGetTextureParameterIuiv): symbol not found
2025-04-13 15:31:44.083609+0800 vlc-3-demo[23755:38419145] [loading] dlsym cannot find symbol glGetTextureParameterfv in CFBundle 0x123fdf1e0 </System/Library/Frameworks/OpenGL.framework> (framework, loaded): dlsym(0x3e6ee27a9, glGetTextureParameterfv): symbol not found
2025-04-13 15:31:44.083619+0800 vlc-3-demo[23755:38419145] [loading] dlsym cannot find symbol glGetTextureParameteriv in CFBundle 0x123fdf1e0 </System/Library/Frameworks/OpenGL.framework> (framework, loaded): dlsym(0x3e6ee27a9, glGetTextureParameteriv): symbol not found
2025-04-13 15:31:44.083630+0800 vlc-3-demo[23755:38419145] [loading] dlsym cannot find symbol glGetTextureSubImage in CFBundle 0x123fdf1e0 </System/Library/Frameworks/OpenGL.framework> (framework, loaded): dlsym(0x3e6ee27a9, glGetTextureSubImage): symbol not found
2025-04-13 15:31:44.083644+0800 vlc-3-demo[23755:38419145] [loading] dlsym cannot find symbol glGetTransformFeedbacki64_v in CFBundle 0x123fdf1e0 </System/Library/Frameworks/OpenGL.framework> (framework, loaded): dlsym(0x3e6ee27a9, glGetTransformFeedbacki64_v): symbol not found
2025-04-13 15:31:44.083655+0800 vlc-3-demo[23755:38419145] [loading] dlsym cannot find symbol glGetTransformFeedbacki_v in CFBundle 0x123fdf1e0 </System/Library/Frameworks/OpenGL.framework> (framework, loaded): dlsym(0x3e6ee27a9, glGetTransformFeedbacki_v): symbol not found
2025-04-13 15:31:44.083665+0800 vlc-3-demo[23755:38419145] [loading] dlsym cannot find symbol glGetTransformFeedbackiv in CFBundle 0x123fdf1e0 </System/Library/Frameworks/OpenGL.framework> (framework, loaded): dlsym(0x3e6ee27a9, glGetTransformFeedbackiv): symbol not found
2025-04-13 15:31:44.083712+0800 vlc-3-demo[23755:38419145] [loading] dlsym cannot find symbol glGetVertexArrayIndexed64iv in CFBundle 0x123fdf1e0 </System/Library/Frameworks/OpenGL.framework> (framework, loaded): dlsym(0x3e6ee27a9, glGetVertexArrayIndexed64iv): symbol not found
2025-04-13 15:31:44.083724+0800 vlc-3-demo[23755:38419145] [loading] dlsym cannot find symbol glGetVertexArrayIndexediv in CFBundle 0x123fdf1e0 </System/Library/Frameworks/OpenGL.framework> (framework, loaded): dlsym(0x3e6ee27a9, glGetVertexArrayIndexediv): symbol not found
2025-04-13 15:31:44.083734+0800 vlc-3-demo[23755:38419145] [loading] dlsym cannot find symbol glGetVertexArrayiv in CFBundle 0x123fdf1e0 </System/Library/Frameworks/OpenGL.framework> (framework, loaded): dlsym(0x3e6ee27a9, glGetVertexArrayiv): symbol not found
2025-04-13 15:31:44.083782+0800 vlc-3-demo[23755:38419145] [loading] dlsym cannot find symbol glGetnCompressedTexImage in CFBundle 0x123fdf1e0 </System/Library/Frameworks/OpenGL.framework> (framework, loaded): dlsym(0x3e6ee27a9, glGetnCompressedTexImage): symbol not found
2025-04-13 15:31:44.083793+0800 vlc-3-demo[23755:38419145] [loading] dlsym cannot find symbol glGetnTexImage in CFBundle 0x123fdf1e0 </System/Library/Frameworks/OpenGL.framework> (framework, loaded): dlsym(0x3e6ee27a9, glGetnTexImage): symbol not found
2025-04-13 15:31:44.083804+0800 vlc-3-demo[23755:38419145] [loading] dlsym cannot find symbol glGetnUniformdv in CFBundle 0x123fdf1e0 </System/Library/Frameworks/OpenGL.framework> (framework, loaded): dlsym(0x3e6ee27a9, glGetnUniformdv): symbol not found
2025-04-13 15:31:44.083814+0800 vlc-3-demo[23755:38419145] [loading] dlsym cannot find symbol glGetnUniformfv in CFBundle 0x123fdf1e0 </System/Library/Frameworks/OpenGL.framework> (framework, loaded): dlsym(0x3e6ee27a9, glGetnUniformfv): symbol not found
2025-04-13 15:31:44.083824+0800 vlc-3-demo[23755:38419145] [loading] dlsym cannot find symbol glGetnUniformiv in CFBundle 0x123fdf1e0 </System/Library/Frameworks/OpenGL.framework> (framework, loaded): dlsym(0x3e6ee27a9, glGetnUniformiv): symbol not found
2025-04-13 15:31:44.083834+0800 vlc-3-demo[23755:38419145] [loading] dlsym cannot find symbol glGetnUniformuiv in CFBundle 0x123fdf1e0 </System/Library/Frameworks/OpenGL.framework> (framework, loaded): dlsym(0x3e6ee27a9, glGetnUniformuiv): symbol not found
2025-04-13 15:31:44.083853+0800 vlc-3-demo[23755:38419145] [loading] dlsym cannot find symbol glInvalidateBufferData in CFBundle 0x123fdf1e0 </System/Library/Frameworks/OpenGL.framework> (framework, loaded): dlsym(0x3e6ee27a9, glInvalidateBufferData): symbol not found
2025-04-13 15:31:44.083863+0800 vlc-3-demo[23755:38419145] [loading] dlsym cannot find symbol glInvalidateBufferSubData in CFBundle 0x123fdf1e0 </System/Library/Frameworks/OpenGL.framework> (framework, loaded): dlsym(0x3e6ee27a9, glInvalidateBufferSubData): symbol not found
2025-04-13 15:31:44.083873+0800 vlc-3-demo[23755:38419145] [loading] dlsym cannot find symbol glInvalidateFramebuffer in CFBundle 0x123fdf1e0 </System/Library/Frameworks/OpenGL.framework> (framework, loaded): dlsym(0x3e6ee27a9, glInvalidateFramebuffer): symbol not found
2025-04-13 15:31:44.083883+0800 vlc-3-demo[23755:38419145] [loading] dlsym cannot find symbol glInvalidateNamedFramebufferData in CFBundle 0x123fdf1e0 </System/Library/Frameworks/OpenGL.framework> (framework, loaded): dlsym(0x3e6ee27a9, glInvalidateNamedFramebufferData): symbol not found
2025-04-13 15:31:44.083893+0800 vlc-3-demo[23755:38419145] [loading] dlsym cannot find symbol glInvalidateNamedFramebufferSubData in CFBundle 0x123fdf1e0 </System/Library/Frameworks/OpenGL.framework> (framework, loaded): dlsym(0x3e6ee27a9, glInvalidateNamedFramebufferSubData): symbol not found
2025-04-13 15:31:44.083904+0800 vlc-3-demo[23755:38419145] [loading] dlsym cannot find symbol glInvalidateSubFramebuffer in CFBundle 0x123fdf1e0 </System/Library/Frameworks/OpenGL.framework> (framework, loaded): dlsym(0x3e6ee27a9, glInvalidateSubFramebuffer): symbol not found
2025-04-13 15:31:44.083914+0800 vlc-3-demo[23755:38419145] [loading] dlsym cannot find symbol glInvalidateTexImage in CFBundle 0x123fdf1e0 </System/Library/Frameworks/OpenGL.framework> (framework, loaded): dlsym(0x3e6ee27a9, glInvalidateTexImage): symbol not found
2025-04-13 15:31:44.083929+0800 vlc-3-demo[23755:38419145] [loading] dlsym cannot find symbol glInvalidateTexSubImage in CFBundle 0x123fdf1e0 </System/Library/Frameworks/OpenGL.framework> (framework, loaded): dlsym(0x3e6ee27a9, glInvalidateTexSubImage): symbol not found
2025-04-13 15:31:44.083976+0800 vlc-3-demo[23755:38419145] [loading] dlsym cannot find symbol glIsQueryEXT in CFBundle 0x123fdf1e0 </System/Library/Frameworks/OpenGL.framework> (framework, loaded): dlsym(0x3e6ee27a9, glIsQueryEXT): symbol not found
2025-04-13 15:31:44.084029+0800 vlc-3-demo[23755:38419145] [loading] dlsym cannot find symbol glIsVertexArrayOES in CFBundle 0x123fdf1e0 </System/Library/Frameworks/OpenGL.framework> (framework, loaded): dlsym(0x3e6ee27a9, glIsVertexArrayOES): symbol not found
2025-04-13 15:31:44.084067+0800 vlc-3-demo[23755:38419145] [loading] dlsym cannot find symbol glMapNamedBuffer in CFBundle 0x123fdf1e0 </System/Library/Frameworks/OpenGL.framework> (framework, loaded): dlsym(0x3e6ee27a9, glMapNamedBuffer): symbol not found
2025-04-13 15:31:44.084079+0800 vlc-3-demo[23755:38419145] [loading] dlsym cannot find symbol glMapNamedBufferRange in CFBundle 0x123fdf1e0 </System/Library/Frameworks/OpenGL.framework> (framework, loaded): dlsym(0x3e6ee27a9, glMapNamedBufferRange): symbol not found
2025-04-13 15:31:44.084090+0800 vlc-3-demo[23755:38419145] [loading] dlsym cannot find symbol glMaxShaderCompilerThreadsARB in CFBundle 0x123fdf1e0 </System/Library/Frameworks/OpenGL.framework> (framework, loaded): dlsym(0x3e6ee27a9, glMaxShaderCompilerThreadsARB): symbol not found
2025-04-13 15:31:44.084100+0800 vlc-3-demo[23755:38419145] [loading] dlsym cannot find symbol glMaxShaderCompilerThreadsKHR in CFBundle 0x123fdf1e0 </System/Library/Frameworks/OpenGL.framework> (framework, loaded): dlsym(0x3e6ee27a9, glMaxShaderCompilerThreadsKHR): symbol not found
2025-04-13 15:31:44.084111+0800 vlc-3-demo[23755:38419145] [loading] dlsym cannot find symbol glMemoryBarrier in CFBundle 0x123fdf1e0 </System/Library/Frameworks/OpenGL.framework> (framework, loaded): dlsym(0x3e6ee27a9, glMemoryBarrier): symbol not found
2025-04-13 15:31:44.084121+0800 vlc-3-demo[23755:38419145] [loading] dlsym cannot find symbol glMemoryBarrierByRegion in CFBundle 0x123fdf1e0 </System/Library/Frameworks/OpenGL.framework> (framework, loaded): dlsym(0x3e6ee27a9, glMemoryBarrierByRegion): symbol not found
2025-04-13 15:31:44.084146+0800 vlc-3-demo[23755:38419145] [loading] dlsym cannot find symbol glMultiDrawArraysIndirect in CFBundle 0x123fdf1e0 </System/Library/Frameworks/OpenGL.framework> (framework, loaded): dlsym(0x3e6ee27a9, glMultiDrawArraysIndirect): symbol not found
2025-04-13 15:31:44.084160+0800 vlc-3-demo[23755:38419145] [loading] dlsym cannot find symbol glMultiDrawArraysIndirectCount in CFBundle 0x123fdf1e0 </System/Library/Frameworks/OpenGL.framework> (framework, loaded): dlsym(0x3e6ee27a9, glMultiDrawArraysIndirectCount): symbol not found
2025-04-13 15:31:44.084180+0800 vlc-3-demo[23755:38419145] [loading] dlsym cannot find symbol glMultiDrawElementsIndirect in CFBundle 0x123fdf1e0 </System/Library/Frameworks/OpenGL.framework> (framework, loaded): dlsym(0x3e6ee27a9, glMultiDrawElementsIndirect): symbol not found
2025-04-13 15:31:44.084191+0800 vlc-3-demo[23755:38419145] [loading] dlsym cannot find symbol glMultiDrawElementsIndirectCount in CFBundle 0x123fdf1e0 </System/Library/Frameworks/OpenGL.framework> (framework, loaded): dlsym(0x3e6ee27a9, glMultiDrawElementsIndirectCount): symbol not found
2025-04-13 15:31:44.084202+0800 vlc-3-demo[23755:38419145] [loading] dlsym cannot find symbol glNamedBufferData in CFBundle 0x123fdf1e0 </System/Library/Frameworks/OpenGL.framework> (framework, loaded): dlsym(0x3e6ee27a9, glNamedBufferData): symbol not found
2025-04-13 15:31:44.084212+0800 vlc-3-demo[23755:38419145] [loading] dlsym cannot find symbol glNamedBufferStorage in CFBundle 0x123fdf1e0 </System/Library/Frameworks/OpenGL.framework> (framework, loaded): dlsym(0x3e6ee27a9, glNamedBufferStorage): symbol not found
2025-04-13 15:31:44.084221+0800 vlc-3-demo[23755:38419145] [loading] dlsym cannot find symbol glNamedBufferSubData in CFBundle 0x123fdf1e0 </System/Library/Frameworks/OpenGL.framework> (framework, loaded): dlsym(0x3e6ee27a9, glNamedBufferSubData): symbol not found
2025-04-13 15:31:44.084232+0800 vlc-3-demo[23755:38419145] [loading] dlsym cannot find symbol glNamedFramebufferDrawBuffer in CFBundle 0x123fdf1e0 </System/Library/Frameworks/OpenGL.framework> (framework, loaded): dlsym(0x3e6ee27a9, glNamedFramebufferDrawBuffer): symbol not found
2025-04-13 15:31:44.084241+0800 vlc-3-demo[23755:38419145] [loading] dlsym cannot find symbol glNamedFramebufferDrawBuffers in CFBundle 0x123fdf1e0 </System/Library/Frameworks/OpenGL.framework> (framework, loaded): dlsym(0x3e6ee27a9, glNamedFramebufferDrawBuffers): symbol not found
2025-04-13 15:31:44.084251+0800 vlc-3-demo[23755:38419145] [loading] dlsym cannot find symbol glNamedFramebufferParameteri in CFBundle 0x123fdf1e0 </System/Library/Frameworks/OpenGL.framework> (framework, loaded): dlsym(0x3e6ee27a9, glNamedFramebufferParameteri): symbol not found
2025-04-13 15:31:44.084261+0800 vlc-3-demo[23755:38419145] [loading] dlsym cannot find symbol glNamedFramebufferReadBuffer in CFBundle 0x123fdf1e0 </System/Library/Frameworks/OpenGL.framework> (framework, loaded): dlsym(0x3e6ee27a9, glNamedFramebufferReadBuffer): symbol not found
2025-04-13 15:31:44.084271+0800 vlc-3-demo[23755:38419145] [loading] dlsym cannot find symbol glNamedFramebufferRenderbuffer in CFBundle 0x123fdf1e0 </System/Library/Frameworks/OpenGL.framework> (framework, loaded): dlsym(0x3e6ee27a9, glNamedFramebufferRenderbuffer): symbol not found
2025-04-13 15:31:44.084281+0800 vlc-3-demo[23755:38419145] [loading] dlsym cannot find symbol glNamedFramebufferTexture in CFBundle 0x123fdf1e0 </System/Library/Frameworks/OpenGL.framework> (framework, loaded): dlsym(0x3e6ee27a9, glNamedFramebufferTexture): symbol not found
2025-04-13 15:31:44.084291+0800 vlc-3-demo[23755:38419145] [loading] dlsym cannot find symbol glNamedFramebufferTextureLayer in CFBundle 0x123fdf1e0 </System/Library/Frameworks/OpenGL.framework> (framework, loaded): dlsym(0x3e6ee27a9, glNamedFramebufferTextureLayer): symbol not found
2025-04-13 15:31:44.084302+0800 vlc-3-demo[23755:38419145] [loading] dlsym cannot find symbol glNamedRenderbufferStorage in CFBundle 0x123fdf1e0 </System/Library/Frameworks/OpenGL.framework> (framework, loaded): dlsym(0x3e6ee27a9, glNamedRenderbufferStorage): symbol not found
2025-04-13 15:31:44.084312+0800 vlc-3-demo[23755:38419145] [loading] dlsym cannot find symbol glNamedRenderbufferStorageMultisample in CFBundle 0x123fdf1e0 </System/Library/Frameworks/OpenGL.framework> (framework, loaded): dlsym(0x3e6ee27a9, glNamedRenderbufferStorageMultisample): symbol not found
2025-04-13 15:31:44.084322+0800 vlc-3-demo[23755:38419145] [loading] dlsym cannot find symbol glObjectLabel in CFBundle 0x123fdf1e0 </System/Library/Frameworks/OpenGL.framework> (framework, loaded): dlsym(0x3e6ee27a9, glObjectLabel): symbol not found
2025-04-13 15:31:44.084333+0800 vlc-3-demo[23755:38419145] [loading] dlsym cannot find symbol glObjectLabelKHR in CFBundle 0x123fdf1e0 </System/Library/Frameworks/OpenGL.framework> (framework, loaded): dlsym(0x3e6ee27a9, glObjectLabelKHR): symbol not found
2025-04-13 15:31:44.084347+0800 vlc-3-demo[23755:38419145] [loading] dlsym cannot find symbol glObjectPtrLabel in CFBundle 0x123fdf1e0 </System/Library/Frameworks/OpenGL.framework> (framework, loaded): dlsym(0x3e6ee27a9, glObjectPtrLabel): symbol not found
2025-04-13 15:31:44.084358+0800 vlc-3-demo[23755:38419145] [loading] dlsym cannot find symbol glObjectPtrLabelKHR in CFBundle 0x123fdf1e0 </System/Library/Frameworks/OpenGL.framework> (framework, loaded): dlsym(0x3e6ee27a9, glObjectPtrLabelKHR): symbol not found
2025-04-13 15:31:44.084428+0800 vlc-3-demo[23755:38419145] [loading] dlsym cannot find symbol glPolygonOffsetClamp in CFBundle 0x123fdf1e0 </System/Library/Frameworks/OpenGL.framework> (framework, loaded): dlsym(0x3e6ee27a9, glPolygonOffsetClamp): symbol not found
2025-04-13 15:31:44.084440+0800 vlc-3-demo[23755:38419145] [loading] dlsym cannot find symbol glPopDebugGroup in CFBundle 0x123fdf1e0 </System/Library/Frameworks/OpenGL.framework> (framework, loaded): dlsym(0x3e6ee27a9, glPopDebugGroup): symbol not found
2025-04-13 15:31:44.084450+0800 vlc-3-demo[23755:38419145] [loading] dlsym cannot find symbol glPopDebugGroupKHR in CFBundle 0x123fdf1e0 </System/Library/Frameworks/OpenGL.framework> (framework, loaded): dlsym(0x3e6ee27a9, glPopDebugGroupKHR): symbol not found
2025-04-13 15:31:44.084461+0800 vlc-3-demo[23755:38419145] [loading] dlsym cannot find symbol glPrimitiveBoundingBox in CFBundle 0x123fdf1e0 </System/Library/Frameworks/OpenGL.framework> (framework, loaded): dlsym(0x3e6ee27a9, glPrimitiveBoundingBox): symbol not found
2025-04-13 15:31:44.084725+0800 vlc-3-demo[23755:38419145] [loading] dlsym cannot find symbol glPushDebugGroup in CFBundle 0x123fdf1e0 </System/Library/Frameworks/OpenGL.framework> (framework, loaded): dlsym(0x3e6ee27a9, glPushDebugGroup): symbol not found
2025-04-13 15:31:44.084738+0800 vlc-3-demo[23755:38419145] [loading] dlsym cannot find symbol glPushDebugGroupKHR in CFBundle 0x123fdf1e0 </System/Library/Frameworks/OpenGL.framework> (framework, loaded): dlsym(0x3e6ee27a9, glPushDebugGroupKHR): symbol not found
2025-04-13 15:31:44.084753+0800 vlc-3-demo[23755:38419145] [loading] dlsym cannot find symbol glQueryCounterEXT in CFBundle 0x123fdf1e0 </System/Library/Frameworks/OpenGL.framework> (framework, loaded): dlsym(0x3e6ee27a9, glQueryCounterEXT): symbol not found
2025-04-13 15:31:44.084772+0800 vlc-3-demo[23755:38419145] [loading] dlsym cannot find symbol glReadnPixels in CFBundle 0x123fdf1e0 </System/Library/Frameworks/OpenGL.framework> (framework, loaded): dlsym(0x3e6ee27a9, glReadnPixels): symbol not found
2025-04-13 15:31:44.084865+0800 vlc-3-demo[23755:38419145] [loading] dlsym cannot find symbol glShaderStorageBlockBinding in CFBundle 0x123fdf1e0 </System/Library/Frameworks/OpenGL.framework> (framework, loaded): dlsym(0x3e6ee27a9, glShaderStorageBlockBinding): symbol not found
2025-04-13 15:31:44.084877+0800 vlc-3-demo[23755:38419145] [loading] dlsym cannot find symbol glSpecializeShader in CFBundle 0x123fdf1e0 </System/Library/Frameworks/OpenGL.framework> (framework, loaded): dlsym(0x3e6ee27a9, glSpecializeShader): symbol not found
2025-04-13 15:31:44.084923+0800 vlc-3-demo[23755:38419145] [loading] dlsym cannot find symbol glTexBufferRange in CFBundle 0x123fdf1e0 </System/Library/Frameworks/OpenGL.framework> (framework, loaded): dlsym(0x3e6ee27a9, glTexBufferRange): symbol not found
2025-04-13 15:31:44.085000+0800 vlc-3-demo[23755:38419145] [loading] dlsym cannot find symbol glTexStorage2DMultisample in CFBundle 0x123fdf1e0 </System/Library/Frameworks/OpenGL.framework> (framework, loaded): dlsym(0x3e6ee27a9, glTexStorage2DMultisample): symbol not found
2025-04-13 15:31:44.085017+0800 vlc-3-demo[23755:38419145] [loading] dlsym cannot find symbol glTexStorage3DMultisample in CFBundle 0x123fdf1e0 </System/Library/Frameworks/OpenGL.framework> (framework, loaded): dlsym(0x3e6ee27a9, glTexStorage3DMultisample): symbol not found
2025-04-13 15:31:44.085041+0800 vlc-3-demo[23755:38419145] [loading] dlsym cannot find symbol glTextureBarrier in CFBundle 0x123fdf1e0 </System/Library/Frameworks/OpenGL.framework> (framework, loaded): dlsym(0x3e6ee27a9, glTextureBarrier): symbol not found
2025-04-13 15:31:44.085051+0800 vlc-3-demo[23755:38419145] [loading] dlsym cannot find symbol glTextureBuffer in CFBundle 0x123fdf1e0 </System/Library/Frameworks/OpenGL.framework> (framework, loaded): dlsym(0x3e6ee27a9, glTextureBuffer): symbol not found
2025-04-13 15:31:44.085062+0800 vlc-3-demo[23755:38419145] [loading] dlsym cannot find symbol glTextureBufferRange in CFBundle 0x123fdf1e0 </System/Library/Frameworks/OpenGL.framework> (framework, loaded): dlsym(0x3e6ee27a9, glTextureBufferRange): symbol not found
2025-04-13 15:31:44.090263+0800 vlc-3-demo[23755:38419145] [loading] dlsym cannot find symbol glTextureParameterIiv in CFBundle 0x123fdf1e0 </System/Library/Frameworks/OpenGL.framework> (framework, loaded): dlsym(0x3e6ee27a9, glTextureParameterIiv): symbol not found
2025-04-13 15:31:44.090281+0800 vlc-3-demo[23755:38419145] [loading] dlsym cannot find symbol glTextureParameterIuiv in CFBundle 0x123fdf1e0 </System/Library/Frameworks/OpenGL.framework> (framework, loaded): dlsym(0x3e6ee27a9, glTextureParameterIuiv): symbol not found
2025-04-13 15:31:44.090292+0800 vlc-3-demo[23755:38419145] [loading] dlsym cannot find symbol glTextureParameterf in CFBundle 0x123fdf1e0 </System/Library/Frameworks/OpenGL.framework> (framework, loaded): dlsym(0x3e6ee27a9, glTextureParameterf): symbol not found
2025-04-13 15:31:44.090304+0800 vlc-3-demo[23755:38419145] [loading] dlsym cannot find symbol glTextureParameterfv in CFBundle 0x123fdf1e0 </System/Library/Frameworks/OpenGL.framework> (framework, loaded): dlsym(0x3e6ee27a9, glTextureParameterfv): symbol not found
2025-04-13 15:31:44.091782+0800 vlc-3-demo[23755:38419145] [loading] dlsym cannot find symbol glTextureParameteri in CFBundle 0x123fdf1e0 </System/Library/Frameworks/OpenGL.framework> (framework, loaded): dlsym(0x3e6ee27a9, glTextureParameteri): symbol not found
2025-04-13 15:31:44.091801+0800 vlc-3-demo[23755:38419145] [loading] dlsym cannot find symbol glTextureParameteriv in CFBundle 0x123fdf1e0 </System/Library/Frameworks/OpenGL.framework> (framework, loaded): dlsym(0x3e6ee27a9, glTextureParameteriv): symbol not found
2025-04-13 15:31:44.091815+0800 vlc-3-demo[23755:38419145] [loading] dlsym cannot find symbol glTextureStorage1D in CFBundle 0x123fdf1e0 </System/Library/Frameworks/OpenGL.framework> (framework, loaded): dlsym(0x3e6ee27a9, glTextureStorage1D): symbol not found
2025-04-13 15:31:44.091827+0800 vlc-3-demo[23755:38419145] [loading] dlsym cannot find symbol glTextureStorage2D in CFBundle 0x123fdf1e0 </System/Library/Frameworks/OpenGL.framework> (framework, loaded): dlsym(0x3e6ee27a9, glTextureStorage2D): symbol not found
2025-04-13 15:31:44.091838+0800 vlc-3-demo[23755:38419145] [loading] dlsym cannot find symbol glTextureStorage2DMultisample in CFBundle 0x123fdf1e0 </System/Library/Frameworks/OpenGL.framework> (framework, loaded): dlsym(0x3e6ee27a9, glTextureStorage2DMultisample): symbol not found
2025-04-13 15:31:44.091856+0800 vlc-3-demo[23755:38419145] [loading] dlsym cannot find symbol glTextureStorage3D in CFBundle 0x123fdf1e0 </System/Library/Frameworks/OpenGL.framework> (framework, loaded): dlsym(0x3e6ee27a9, glTextureStorage3D): symbol not found
2025-04-13 15:31:44.091868+0800 vlc-3-demo[23755:38419145] [loading] dlsym cannot find symbol glTextureStorage3DMultisample in CFBundle 0x123fdf1e0 </System/Library/Frameworks/OpenGL.framework> (framework, loaded): dlsym(0x3e6ee27a9, glTextureStorage3DMultisample): symbol not found
2025-04-13 15:31:44.091879+0800 vlc-3-demo[23755:38419145] [loading] dlsym cannot find symbol glTextureSubImage1D in CFBundle 0x123fdf1e0 </System/Library/Frameworks/OpenGL.framework> (framework, loaded): dlsym(0x3e6ee27a9, glTextureSubImage1D): symbol not found
2025-04-13 15:31:44.091889+0800 vlc-3-demo[23755:38419145] [loading] dlsym cannot find symbol glTextureSubImage2D in CFBundle 0x123fdf1e0 </System/Library/Frameworks/OpenGL.framework> (framework, loaded): dlsym(0x3e6ee27a9, glTextureSubImage2D): symbol not found
2025-04-13 15:31:44.091900+0800 vlc-3-demo[23755:38419145] [loading] dlsym cannot find symbol glTextureSubImage3D in CFBundle 0x123fdf1e0 </System/Library/Frameworks/OpenGL.framework> (framework, loaded): dlsym(0x3e6ee27a9, glTextureSubImage3D): symbol not found
2025-04-13 15:31:44.091911+0800 vlc-3-demo[23755:38419145] [loading] dlsym cannot find symbol glTextureView in CFBundle 0x123fdf1e0 </System/Library/Frameworks/OpenGL.framework> (framework, loaded): dlsym(0x3e6ee27a9, glTextureView): symbol not found
2025-04-13 15:31:44.091922+0800 vlc-3-demo[23755:38419145] [loading] dlsym cannot find symbol glTransformFeedbackBufferBase in CFBundle 0x123fdf1e0 </System/Library/Frameworks/OpenGL.framework> (framework, loaded): dlsym(0x3e6ee27a9, glTransformFeedbackBufferBase): symbol not found
2025-04-13 15:31:44.091933+0800 vlc-3-demo[23755:38419145] [loading] dlsym cannot find symbol glTransformFeedbackBufferRange in CFBundle 0x123fdf1e0 </System/Library/Frameworks/OpenGL.framework> (framework, loaded): dlsym(0x3e6ee27a9, glTransformFeedbackBufferRange): symbol not found
2025-04-13 15:31:44.092211+0800 vlc-3-demo[23755:38419145] [loading] dlsym cannot find symbol glUnmapNamedBuffer in CFBundle 0x123fdf1e0 </System/Library/Frameworks/OpenGL.framework> (framework, loaded): dlsym(0x3e6ee27a9, glUnmapNamedBuffer): symbol not found
2025-04-13 15:31:44.092242+0800 vlc-3-demo[23755:38419145] [loading] dlsym cannot find symbol glVertexArrayAttribBinding in CFBundle 0x123fdf1e0 </System/Library/Frameworks/OpenGL.framework> (framework, loaded): dlsym(0x3e6ee27a9, glVertexArrayAttribBinding): symbol not found
2025-04-13 15:31:44.092254+0800 vlc-3-demo[23755:38419145] [loading] dlsym cannot find symbol glVertexArrayAttribFormat in CFBundle 0x123fdf1e0 </System/Library/Frameworks/OpenGL.framework> (framework, loaded): dlsym(0x3e6ee27a9, glVertexArrayAttribFormat): symbol not found
2025-04-13 15:31:44.092265+0800 vlc-3-demo[23755:38419145] [loading] dlsym cannot find symbol glVertexArrayAttribIFormat in CFBundle 0x123fdf1e0 </System/Library/Frameworks/OpenGL.framework> (framework, loaded): dlsym(0x3e6ee27a9, glVertexArrayAttribIFormat): symbol not found
2025-04-13 15:31:44.092276+0800 vlc-3-demo[23755:38419145] [loading] dlsym cannot find symbol glVertexArrayAttribLFormat in CFBundle 0x123fdf1e0 </System/Library/Frameworks/OpenGL.framework> (framework, loaded): dlsym(0x3e6ee27a9, glVertexArrayAttribLFormat): symbol not found
2025-04-13 15:31:44.092286+0800 vlc-3-demo[23755:38419145] [loading] dlsym cannot find symbol glVertexArrayBindingDivisor in CFBundle 0x123fdf1e0 </System/Library/Frameworks/OpenGL.framework> (framework, loaded): dlsym(0x3e6ee27a9, glVertexArrayBindingDivisor): symbol not found
2025-04-13 15:31:44.092296+0800 vlc-3-demo[23755:38419145] [loading] dlsym cannot find symbol glVertexArrayElementBuffer in CFBundle 0x123fdf1e0 </System/Library/Frameworks/OpenGL.framework> (framework, loaded): dlsym(0x3e6ee27a9, glVertexArrayElementBuffer): symbol not found
2025-04-13 15:31:44.092306+0800 vlc-3-demo[23755:38419145] [loading] dlsym cannot find symbol glVertexArrayVertexBuffer in CFBundle 0x123fdf1e0 </System/Library/Frameworks/OpenGL.framework> (framework, loaded): dlsym(0x3e6ee27a9, glVertexArrayVertexBuffer): symbol not found
2025-04-13 15:31:44.092317+0800 vlc-3-demo[23755:38419145] [loading] dlsym cannot find symbol glVertexArrayVertexBuffers in CFBundle 0x123fdf1e0 </System/Library/Frameworks/OpenGL.framework> (framework, loaded): dlsym(0x3e6ee27a9, glVertexArrayVertexBuffers): symbol not found
2025-04-13 15:31:44.092502+0800 vlc-3-demo[23755:38419145] [loading] dlsym cannot find symbol glVertexAttribBinding in CFBundle 0x123fdf1e0 </System/Library/Frameworks/OpenGL.framework> (framework, loaded): dlsym(0x3e6ee27a9, glVertexAttribBinding): symbol not found
2025-04-13 15:31:44.092523+0800 vlc-3-demo[23755:38419145] [loading] dlsym cannot find symbol glVertexAttribFormat in CFBundle 0x123fdf1e0 </System/Library/Frameworks/OpenGL.framework> (framework, loaded): dlsym(0x3e6ee27a9, glVertexAttribFormat): symbol not found
2025-04-13 15:31:44.092634+0800 vlc-3-demo[23755:38419145] [loading] dlsym cannot find symbol glVertexAttribIFormat in CFBundle 0x123fdf1e0 </System/Library/Frameworks/OpenGL.framework> (framework, loaded): dlsym(0x3e6ee27a9, glVertexAttribIFormat): symbol not found
2025-04-13 15:31:44.092689+0800 vlc-3-demo[23755:38419145] [loading] dlsym cannot find symbol glVertexAttribLFormat in CFBundle 0x123fdf1e0 </System/Library/Frameworks/OpenGL.framework> (framework, loaded): dlsym(0x3e6ee27a9, glVertexAttribLFormat): symbol not found
2025-04-13 15:31:44.092747+0800 vlc-3-demo[23755:38419145] [loading] dlsym cannot find symbol glVertexBindingDivisor in CFBundle 0x123fdf1e0 </System/Library/Frameworks/OpenGL.framework> (framework, loaded): dlsym(0x3e6ee27a9, glVertexBindingDivisor): symbol not found